16:17:25 [INFO] Identified 254 unique path segments
16:17:25 [INFO] Generated kmers for 254 segments (total kmers: 542167, avg per segment: 2134.52)
16:17:25 [INFO] Skipping off-target check as no off-target directory was provided.
16:17:27 [INFO] Wrote all kmers to file: 05-21_16-17-25.fasta
16:17:27 [INFO] Gene: s2
16:17:27 [INFO] Strand: +
16:17:27 [INFO] Start: 8494
16:17:27 [INFO] End: 10316
16:17:27 [INFO] Total: 251
16:17:27 [INFO] Gene: s5
16:17:27 [INFO] Strand: +
16:17:27 [INFO] Start: 11273
16:17:27 [INFO] End: 12367
16:17:27 [INFO] Total: 190
16:17:27 [INFO] Gene: s8
16:17:27 [INFO] Strand: +
16:17:27 [INFO] Start: 13000
16:17:27 [INFO] End: 13070
16:17:27 [INFO] Total: 4
16:17:27 [INFO] Gene: s10
16:17:27 [INFO] Strand: +
16:17:27 [INFO] Start: 15130
16:17:27 [INFO] End: 16661
16:17:27 [INFO] Total: 218
16:17:27 [INFO] Gene: s13
16:17:27 [INFO] Strand: +
16:17:27 [INFO] Start: 22219
16:17:27 [INFO] End: 22224
16:17:27 [INFO] Total: 0
16:17:27 [INFO] Gene: s16
16:17:27 [INFO] Strand: +
16:17:27 [INFO] Start: 26419
16:17:27 [INFO] End: 26441
16:17:27 [INFO] Total: 0
16:17:27 [INFO] Gene: s18
16:17:27 [INFO] Strand: +
16:17:27 [INFO] Start: 28414
16:17:27 [INFO] End: 28547
16:17:27 [INFO] Total: 3
16:17:27 [INFO] Gene: s21
16:17:27 [INFO] Strand: +
16:17:27 [INFO] Start: 40225
16:17:27 [INFO] End: 40365
16:17:27 [INFO] Total: 11
16:17:27 [INFO] Gene: s25
16:17:27 [INFO] Strand: +
16:17:27 [INFO] Start: 56736
16:17:27 [INFO] End: 59019
16:17:27 [INFO] Total: 315
16:17:27 [INFO] Gene: s27
16:17:27 [INFO] Strand: +
16:17:27 [INFO] Start: 94541
16:17:27 [INFO] End: 95423
16:17:27 [INFO] Total: 115
16:17:27 [INFO] Gene: s29
16:17:27 [INFO] Strand: +
16:17:27 [INFO] Start: 105407
16:17:27 [INFO] End: 105843
16:17:27 [INFO] Total: 51
16:17:27 [INFO] Gene: s31
16:17:27 [INFO] Strand: +
16:17:27 [INFO] Start: 105919
16:17:27 [INFO] End: 105988
16:17:27 [INFO] Total: 2
16:17:27 [INFO] Gene: s33
16:17:27 [INFO] Strand: +
16:17:27 [INFO] Start: 133316
16:17:27 [INFO] End: 135893
16:17:27 [INFO] Total: 316
16:17:27 [INFO] Gene: s35
16:17:27 [INFO] Strand: +
16:17:27 [INFO] Start: 219373
16:17:27 [INFO] End: 219546
16:17:27 [INFO] Total: 22
16:17:27 [INFO] Gene: s37
16:17:27 [INFO] Strand: +
16:17:27 [INFO] Start: 221804
16:17:27 [INFO] End: 224774
16:17:27 [INFO] Total: 424
16:17:27 [INFO] Gene: s40
16:17:27 [INFO] Strand: +
16:17:27 [INFO] Start: 227319
16:17:27 [INFO] End: 227426
16:17:27 [INFO] Total: 2
16:17:27 [INFO] Gene: s43
16:17:27 [INFO] Strand: +
16:17:27 [INFO] Start: 233553
16:17:27 [INFO] End: 250043
16:17:27 [INFO] Total: 2352
16:17:27 [INFO] Gene: s47
16:17:27 [INFO] Strand: +
16:17:27 [INFO] Start: 258651
16:17:27 [INFO] End: 259931
16:17:27 [INFO] Total: 149
16:17:27 [INFO] Gene: s49
16:17:27 [INFO] Strand: +
16:17:27 [INFO] Start: 269233
16:17:27 [INFO] End: 269789
16:17:27 [INFO] Total: 46
16:17:27 [INFO] Gene: s51
16:17:27 [INFO] Strand: +
16:17:27 [INFO] Start: 270231
16:17:27 [INFO] End: 270274
16:17:27 [INFO] Total: 0
16:17:27 [INFO] Gene: s53
16:17:27 [INFO] Strand: +
16:17:27 [INFO] Start: 270431
16:17:27 [INFO] End: 272698
16:17:27 [INFO] Total: 443
16:17:27 [INFO] Gene: s56
16:17:27 [INFO] Strand: +
16:17:27 [INFO] Start: 302337
16:17:27 [INFO] End: 306316
16:17:27 [INFO] Total: 615
16:17:27 [INFO] Gene: s58
16:17:27 [INFO] Strand: +
16:17:27 [INFO] Start: 322416
16:17:27 [INFO] End: 323851
16:17:27 [INFO] Total: 173
16:17:27 [INFO] Gene: s60
16:17:27 [INFO] Strand: +
16:17:27 [INFO] Start: 339062
16:17:27 [INFO] End: 339350
16:17:27 [INFO] Total: 26
16:17:27 [INFO] Gene: s62
16:17:27 [INFO] Strand: +
16:17:27 [INFO] Start: 354618
16:17:27 [INFO] End: 355229
16:17:27 [INFO] Total: 79
16:17:27 [INFO] Gene: s64
16:17:27 [INFO] Strand: +
16:17:27 [INFO] Start: 355436
16:17:27 [INFO] End: 355692
16:17:27 [INFO] Total: 29
16:17:27 [INFO] Gene: s66
16:17:27 [INFO] Strand: +
16:17:27 [INFO] Start: 392869
16:17:27 [INFO] End: 393903
16:17:27 [INFO] Total: 184
16:17:27 [INFO] Gene: s68
16:17:27 [INFO] Strand: +
16:17:27 [INFO] Start: 404282
16:17:27 [INFO] End: 404398
16:17:27 [INFO] Total: 3
16:17:27 [INFO] Gene: s70
16:17:27 [INFO] Strand: +
16:17:27 [INFO] Start: 405126
16:17:27 [INFO] End: 405417
16:17:27 [INFO] Total: 32
16:17:27 [INFO] Gene: s73
16:17:27 [INFO] Strand: +
16:17:27 [INFO] Start: 435642
16:17:27 [INFO] End: 468715
16:17:27 [INFO] Total: 3961
16:17:27 [INFO] Gene: s75
16:17:27 [INFO] Strand: +
16:17:27 [INFO] Start: 475333
16:17:27 [INFO] End: 479225
16:17:27 [INFO] Total: 473
16:17:27 [INFO] Gene: s77
16:17:27 [INFO] Strand: +
16:17:27 [INFO] Start: 490968
16:17:27 [INFO] End: 491977
16:17:27 [INFO] Total: 162
16:17:27 [INFO] Gene: s79
16:17:27 [INFO] Strand: +
16:17:27 [INFO] Start: 492468
16:17:27 [INFO] End: 492564
16:17:27 [INFO] Total: 7
16:17:27 [INFO] Gene: s82
16:17:27 [INFO] Strand: +
16:17:27 [INFO] Start: 492903
16:17:27 [INFO] End: 493717
16:17:27 [INFO] Total: 129
16:17:27 [INFO] Gene: s86
16:17:27 [INFO] Strand: +
16:17:27 [INFO] Start: 503525
16:17:27 [INFO] End: 503628
16:17:27 [INFO] Total: 11
16:17:27 [INFO] Gene: s89
16:17:27 [INFO] Strand: +
16:17:27 [INFO] Start: 523144
16:17:27 [INFO] End: 524551
16:17:27 [INFO] Total: 213
16:17:27 [INFO] Gene: s91
16:17:27 [INFO] Strand: +
16:17:27 [INFO] Start: 553878
16:17:27 [INFO] End: 553880
16:17:27 [INFO] Total: 0
16:17:27 [INFO] Gene: s94
16:17:27 [INFO] Strand: +
16:17:27 [INFO] Start: 582483
16:17:27 [INFO] End: 582552
16:17:27 [INFO] Total: 1
16:17:27 [INFO] Gene: s96
16:17:27 [INFO] Strand: +
16:17:27 [INFO] Start: 582795
16:17:27 [INFO] End: 582931
16:17:27 [INFO] Total: 18
16:17:27 [INFO] Gene: s99
16:17:27 [INFO] Strand: +
16:17:27 [INFO] Start: 626407
16:17:27 [INFO] End: 632031
16:17:27 [INFO] Total: 562
16:17:27 [INFO] Gene: s101
16:17:27 [INFO] Strand: +
16:17:27 [INFO] Start: 638181
16:17:27 [INFO] End: 638216
16:17:27 [INFO] Total: 0
16:17:27 [INFO] Gene: s103
16:17:27 [INFO] Strand: +
16:17:27 [INFO] Start: 644711
16:17:27 [INFO] End: 644820
16:17:27 [INFO] Total: 12
16:17:27 [INFO] Gene: s106
16:17:27 [INFO] Strand: +
16:17:27 [INFO] Start: 674871
16:17:27 [INFO] End: 675089
16:17:27 [INFO] Total: 32
16:17:27 [INFO] Gene: s108
16:17:27 [INFO] Strand: +
16:17:27 [INFO] Start: 706860
16:17:27 [INFO] End: 708027
16:17:27 [INFO] Total: 174
16:17:27 [INFO] Gene: s110
16:17:27 [INFO] Strand: +
16:17:27 [INFO] Start: 716767
16:17:27 [INFO] End: 718712
16:17:27 [INFO] Total: 268
16:17:27 [INFO] Gene: s112
16:17:27 [INFO] Strand: +
16:17:27 [INFO] Start: 719034
16:17:27 [INFO] End: 719503
16:17:27 [INFO] Total: 62
16:17:27 [INFO] Gene: s114
16:17:27 [INFO] Strand: +
16:17:27 [INFO] Start: 732472
16:17:27 [INFO] End: 732502
16:17:27 [INFO] Total: 0
16:17:27 [INFO] Gene: s116
16:17:27 [INFO] Strand: +
16:17:27 [INFO] Start: 739680
16:17:27 [INFO] End: 741064
16:17:27 [INFO] Total: 136
16:17:27 [INFO] Gene: s118
16:17:27 [INFO] Strand: +
16:17:27 [INFO] Start: 770397
16:17:27 [INFO] End: 779476
16:17:27 [INFO] Total: 1383
16:17:27 [INFO] Gene: s120
16:17:27 [INFO] Strand: +
16:17:27 [INFO] Start: 781336
16:17:27 [INFO] End: 784187
16:17:27 [INFO] Total: 329
16:17:27 [INFO] Gene: s123
16:17:27 [INFO] Strand: +
16:17:27 [INFO] Start: 797596
16:17:27 [INFO] End: 797673
16:17:27 [INFO] Total: 6
16:17:27 [INFO] Gene: s125
16:17:27 [INFO] Strand: +
16:17:27 [INFO] Start: 798954
16:17:27 [INFO] End: 799168
16:17:27 [INFO] Total: 21
16:17:27 [INFO] Gene: s127
16:17:27 [INFO] Strand: +
16:17:27 [INFO] Start: 799643
16:17:27 [INFO] End: 799708
16:17:27 [INFO] Total: 6
16:17:27 [INFO] Gene: s131
16:17:27 [INFO] Strand: +
16:17:27 [INFO] Start: 812441
16:17:27 [INFO] End: 813027
16:17:27 [INFO] Total: 96
16:17:27 [INFO] Gene: s133
16:17:27 [INFO] Strand: +
16:17:27 [INFO] Start: 813310
16:17:27 [INFO] End: 815387
16:17:27 [INFO] Total: 298
16:17:27 [INFO] Gene: s136
16:17:27 [INFO] Strand: +
16:17:27 [INFO] Start: 824061
16:17:27 [INFO] End: 828001
16:17:27 [INFO] Total: 524
16:17:27 [INFO] Gene: s139
16:17:27 [INFO] Strand: +
16:17:27 [INFO] Start: 880211
16:17:27 [INFO] End: 912207
16:17:27 [INFO] Total: 4546
16:17:27 [INFO] Gene: s141
16:17:27 [INFO] Strand: +
16:17:27 [INFO] Start: 915083
16:17:27 [INFO] End: 915444
16:17:27 [INFO] Total: 54
16:17:27 [INFO] Gene: s143
16:17:27 [INFO] Strand: +
16:17:27 [INFO] Start: 978573
16:17:27 [INFO] End: 978722
16:17:27 [INFO] Total: 22
16:17:27 [INFO] Gene: s145
16:17:27 [INFO] Strand: +
16:17:27 [INFO] Start: 978833
16:17:27 [INFO] End: 978911
16:17:27 [INFO] Total: 4
16:17:27 [INFO] Gene: s147
16:17:27 [INFO] Strand: +
16:17:27 [INFO] Start: 998371
16:17:27 [INFO] End: 999747
16:17:27 [INFO] Total: 148
16:17:27 [INFO] Gene: s149
16:17:27 [INFO] Strand: +
16:17:27 [INFO] Start: 1009304
16:17:27 [INFO] End: 1009479
16:17:27 [INFO] Total: 16
16:17:27 [INFO] Gene: s153
16:17:27 [INFO] Strand: +
16:17:27 [INFO] Start: 1031069
16:17:27 [INFO] End: 1031240
16:17:27 [INFO] Total: 24
16:17:27 [INFO] Gene: s156
16:17:27 [INFO] Strand: +
16:17:27 [INFO] Start: 1052536
16:17:27 [INFO] End: 1054400
16:17:27 [INFO] Total: 245
16:17:27 [INFO] Gene: s158
16:17:27 [INFO] Strand: +
16:17:27 [INFO] Start: 1057887
16:17:27 [INFO] End: 1058639
16:17:27 [INFO] Total: 109
16:17:27 [INFO] Gene: s160
16:17:27 [INFO] Strand: +
16:17:27 [INFO] Start: 1077364
16:17:27 [INFO] End: 1078434
16:17:27 [INFO] Total: 157
16:17:27 [INFO] Gene: s162
16:17:27 [INFO] Strand: +
16:17:27 [INFO] Start: 1079422
16:17:27 [INFO] End: 1079585
16:17:27 [INFO] Total: 11
16:17:27 [INFO] Gene: s165
16:17:27 [INFO] Strand: +
16:17:27 [INFO] Start: 1095016
16:17:27 [INFO] End: 1095030
16:17:27 [INFO] Total: 0
16:17:27 [INFO] Gene: s167
16:17:27 [INFO] Strand: +
16:17:27 [INFO] Start: 1096147
16:17:27 [INFO] End: 1096159
16:17:27 [INFO] Total: 0
16:17:27 [INFO] Gene: s169
16:17:27 [INFO] Strand: +
16:17:27 [INFO] Start: 1100646
16:17:27 [INFO] End: 1100710
16:17:27 [INFO] Total: 1
16:17:27 [INFO] Gene: s171
16:17:27 [INFO] Strand: +
16:17:27 [INFO] Start: 1102753
16:17:27 [INFO] End: 1122395
16:17:27 [INFO] Total: 3433
16:17:27 [INFO] Gene: s173
16:17:27 [INFO] Strand: +
16:17:27 [INFO] Start: 1125614
16:17:27 [INFO] End: 1125687
16:17:27 [INFO] Total: 0
16:17:27 [INFO] Gene: s175
16:17:27 [INFO] Strand: +
16:17:27 [INFO] Start: 1150238
16:17:27 [INFO] End: 1153463
16:17:27 [INFO] Total: 484
16:17:27 [INFO] Gene: s177
16:17:27 [INFO] Strand: +
16:17:27 [INFO] Start: 1157258
16:17:27 [INFO] End: 1157349
16:17:27 [INFO] Total: 5
16:17:27 [INFO] Gene: s180
16:17:27 [INFO] Strand: +
16:17:27 [INFO] Start: 1193468
16:17:27 [INFO] End: 1193549
16:17:27 [INFO] Total: 8
16:17:27 [INFO] Gene: s182
16:17:27 [INFO] Strand: +
16:17:27 [INFO] Start: 1215058
16:17:27 [INFO] End: 1215121
16:17:27 [INFO] Total: 1
16:17:27 [INFO] Gene: s184
16:17:27 [INFO] Strand: +
16:17:27 [INFO] Start: 1253112
16:17:27 [INFO] End: 1253159
16:17:27 [INFO] Total: 0
16:17:27 [INFO] Gene: s187
16:17:27 [INFO] Strand: +
16:17:27 [INFO] Start: 1271899
16:17:27 [INFO] End: 1274538
16:17:27 [INFO] Total: 503
16:17:27 [INFO] Gene: s190
16:17:27 [INFO] Strand: +
16:17:27 [INFO] Start: 1280960
16:17:27 [INFO] End: 1280973
16:17:27 [INFO] Total: 0
16:17:27 [INFO] Gene: s194
16:17:27 [INFO] Strand: +
16:17:27 [INFO] Start: 1287018
16:17:27 [INFO] End: 1287151
16:17:27 [INFO] Total: 20
16:17:27 [INFO] Gene: s198
16:17:27 [INFO] Strand: +
16:17:27 [INFO] Start: 1287683
16:17:27 [INFO] End: 1289893
16:17:27 [INFO] Total: 400
16:17:27 [INFO] Gene: s202
16:17:27 [INFO] Strand: +
16:17:27 [INFO] Start: 1311578
16:17:27 [INFO] End: 1311866
16:17:27 [INFO] Total: 18
16:17:27 [INFO] Gene: s204
16:17:27 [INFO] Strand: +
16:17:27 [INFO] Start: 1313925
16:17:27 [INFO] End: 1314598
16:17:27 [INFO] Total: 128
16:17:27 [INFO] Gene: s208
16:17:27 [INFO] Strand: +
16:17:27 [INFO] Start: 1322782
16:17:27 [INFO] End: 1322794
16:17:27 [INFO] Total: 0
16:17:27 [INFO] Gene: s210
16:17:27 [INFO] Strand: +
16:17:27 [INFO] Start: 1324503
16:17:27 [INFO] End: 1324560
16:17:27 [INFO] Total: 1
16:17:27 [INFO] Gene: s212
16:17:27 [INFO] Strand: +
16:17:27 [INFO] Start: 1327395
16:17:27 [INFO] End: 1327556
16:17:27 [INFO] Total: 23
16:17:27 [INFO] Gene: s214
16:17:27 [INFO] Strand: +
16:17:27 [INFO] Start: 1352690
16:17:27 [INFO] End: 1354936
16:17:27 [INFO] Total: 328
16:17:27 [INFO] Gene: s216
16:17:27 [INFO] Strand: +
16:17:27 [INFO] Start: 1375970
16:17:27 [INFO] End: 1379060
16:17:27 [INFO] Total: 494
16:17:27 [INFO] Gene: s219
16:17:27 [INFO] Strand: +
16:17:27 [INFO] Start: 1414219
16:17:27 [INFO] End: 1414286
16:17:27 [INFO] Total: 1
16:17:27 [INFO] Gene: s221
16:17:27 [INFO] Strand: +
16:17:27 [INFO] Start: 1415706
16:17:27 [INFO] End: 1415716
16:17:27 [INFO] Total: 0
16:17:27 [INFO] Gene: s223
16:17:27 [INFO] Strand: +
16:17:27 [INFO] Start: 1430629
16:17:27 [INFO] End: 1430712
16:17:27 [INFO] Total: 6
16:17:27 [INFO] Gene: s225
16:17:27 [INFO] Strand: +
16:17:27 [INFO] Start: 1446728
16:17:27 [INFO] End: 1446730
16:17:27 [INFO] Total: 0
16:17:27 [INFO] Gene: s227
16:17:27 [INFO] Strand: +
16:17:27 [INFO] Start: 1462066
16:17:27 [INFO] End: 1462194
16:17:27 [INFO] Total: 10
16:17:27 [INFO] Gene: s229
16:17:27 [INFO] Strand: +
16:17:27 [INFO] Start: 1518579
16:17:27 [INFO] End: 1518758
16:17:27 [INFO] Total: 13
16:17:27 [INFO] Gene: s231
16:17:27 [INFO] Strand: +
16:17:27 [INFO] Start: 1571549
16:17:27 [INFO] End: 1571598
16:17:27 [INFO] Total: 0
16:17:27 [INFO] Gene: s234
16:17:27 [INFO] Strand: +
16:17:27 [INFO] Start: 1574567
16:17:27 [INFO] End: 1576283
16:17:27 [INFO] Total: 222
16:17:27 [INFO] Gene: s237
16:17:27 [INFO] Strand: +
16:17:27 [INFO] Start: 1579569
16:17:27 [INFO] End: 1579709
16:17:27 [INFO] Total: 9
16:17:27 [INFO] Gene: s239
16:17:27 [INFO] Strand: +
16:17:27 [INFO] Start: 1581342
16:17:27 [INFO] End: 1582232
16:17:27 [INFO] Total: 136
16:17:27 [INFO] Gene: s243
16:17:27 [INFO] Strand: +
16:17:27 [INFO] Start: 1640200
16:17:27 [INFO] End: 1641339
16:17:27 [INFO] Total: 99
16:17:27 [INFO] Gene: s245
16:17:27 [INFO] Strand: +
16:17:27 [INFO] Start: 1681546
16:17:27 [INFO] End: 1681602
16:17:27 [INFO] Total: 1
16:17:27 [INFO] Gene: s247
16:17:27 [INFO] Strand: +
16:17:27 [INFO] Start: 1685357
16:17:27 [INFO] End: 1685718
16:17:27 [INFO] Total: 55
16:17:27 [INFO] Gene: s250
16:17:27 [INFO] Strand: +
16:17:27 [INFO] Start: 1705116
16:17:27 [INFO] End: 1705117
16:17:27 [INFO] Total: 0
16:17:27 [INFO] Gene: s253
16:17:27 [INFO] Strand: +
16:17:27 [INFO] Start: 1754414
16:17:27 [INFO] End: 1835715
16:17:27 [INFO] Total: 13256
16:17:27 [INFO] Gene: s256
16:17:27 [INFO] Strand: +
16:17:27 [INFO] Start: 1850474
16:17:27 [INFO] End: 1850612
16:17:27 [INFO] Total: 11
16:17:27 [INFO] Gene: s258
16:17:27 [INFO] Strand: +
16:17:27 [INFO] Start: 1851499
16:17:27 [INFO] End: 1851549
16:17:27 [INFO] Total: 1
16:17:27 [INFO] Gene: s260
16:17:27 [INFO] Strand: +
16:17:27 [INFO] Start: 1871489
16:17:27 [INFO] End: 1873109
16:17:27 [INFO] Total: 116
16:17:27 [INFO] Gene: s262
16:17:27 [INFO] Strand: +
16:17:27 [INFO] Start: 1873567
16:17:27 [INFO] End: 1873925
16:17:27 [INFO] Total: 20
16:17:27 [INFO] Gene: s265
16:17:27 [INFO] Strand: +
16:17:27 [INFO] Start: 1886372
16:17:27 [INFO] End: 1886387
16:17:27 [INFO] Total: 0
16:17:27 [INFO] Gene: s267
16:17:27 [INFO] Strand: +
16:17:27 [INFO] Start: 1890796
16:17:27 [INFO] End: 1890823
16:17:27 [INFO] Total: 0
16:17:27 [INFO] Gene: s270
16:17:27 [INFO] Strand: +
16:17:27 [INFO] Start: 1893936
16:17:27 [INFO] End: 1894878
16:17:27 [INFO] Total: 177
16:17:27 [INFO] Gene: s273
16:17:27 [INFO] Strand: +
16:17:27 [INFO] Start: 1932265
16:17:27 [INFO] End: 1932312
16:17:27 [INFO] Total: 0
16:17:27 [INFO] Gene: s275
16:17:27 [INFO] Strand: +
16:17:27 [INFO] Start: 1975730
16:17:27 [INFO] End: 1975843
16:17:27 [INFO] Total: 4
16:17:27 [INFO] Gene: s277
16:17:27 [INFO] Strand: +
16:17:27 [INFO] Start: 1981410
16:17:27 [INFO] End: 1981486
16:17:27 [INFO] Total: 6
16:17:27 [INFO] Gene: s279
16:17:27 [INFO] Strand: +
16:17:27 [INFO] Start: 1982397
16:17:27 [INFO] End: 1982454
16:17:27 [INFO] Total: 0
16:17:27 [INFO] Gene: s281
16:17:27 [INFO] Strand: +
16:17:27 [INFO] Start: 2019671
16:17:27 [INFO] End: 2025976
16:17:27 [INFO] Total: 1096
16:17:27 [INFO] Gene: s283
16:17:27 [INFO] Strand: +
16:17:27 [INFO] Start: 2041521
16:17:27 [INFO] End: 2102924
16:17:27 [INFO] Total: 8376
16:17:27 [INFO] Gene: s285
16:17:27 [INFO] Strand: +
16:17:27 [INFO] Start: 2163652
16:17:27 [INFO] End: 2163666
16:17:27 [INFO] Total: 0
16:17:27 [INFO] Gene: s287
16:17:27 [INFO] Strand: +
16:17:27 [INFO] Start: 2194084
16:17:27 [INFO] End: 2194085
16:17:27 [INFO] Total: 0
16:17:27 [INFO] Gene: s290
16:17:27 [INFO] Strand: +
16:17:27 [INFO] Start: 2225222
16:17:27 [INFO] End: 2225227
16:17:27 [INFO] Total: 0
16:17:27 [INFO] Gene: s294
16:17:27 [INFO] Strand: +
16:17:27 [INFO] Start: 2283391
16:17:27 [INFO] End: 2305504
16:17:27 [INFO] Total: 3239
16:17:27 [INFO] Gene: s296
16:17:27 [INFO] Strand: +
16:17:27 [INFO] Start: 2346112
16:17:27 [INFO] End: 2346392
16:17:27 [INFO] Total: 25
16:17:27 [INFO] Gene: s298
16:17:27 [INFO] Strand: +
16:17:27 [INFO] Start: 2380286
16:17:27 [INFO] End: 2380906
16:17:27 [INFO] Total: 126
16:17:27 [INFO] Gene: s301
16:17:27 [INFO] Strand: +
16:17:27 [INFO] Start: 2387150
16:17:27 [INFO] End: 2387173
16:17:27 [INFO] Total: 0
16:17:27 [INFO] Gene: s303
16:17:27 [INFO] Strand: +
16:17:27 [INFO] Start: 2399709
16:17:27 [INFO] End: 2402557
16:17:27 [INFO] Total: 430
16:17:27 [INFO] Gene: s306
16:17:27 [INFO] Strand: +
16:17:27 [INFO] Start: 2431326
16:17:27 [INFO] End: 2441436
16:17:27 [INFO] Total: 1443
16:17:27 [INFO] Gene: s308
16:17:27 [INFO] Strand: +
16:17:27 [INFO] Start: 2452265
16:17:27 [INFO] End: 2453048
16:17:27 [INFO] Total: 83
16:17:27 [INFO] Gene: s310
16:17:27 [INFO] Strand: +
16:17:27 [INFO] Start: 2520009
16:17:27 [INFO] End: 2520053
16:17:27 [INFO] Total: 0
16:17:27 [INFO] Gene: s314
16:17:27 [INFO] Strand: +
16:17:27 [INFO] Start: 2555408
16:17:27 [INFO] End: 2555452
16:17:27 [INFO] Total: 0
16:17:27 [INFO] Gene: s316
16:17:27 [INFO] Strand: +
16:17:27 [INFO] Start: 2558230
16:17:27 [INFO] End: 2559046
16:17:27 [INFO] Total: 118
16:17:27 [INFO] Gene: s318
16:17:27 [INFO] Strand: +
16:17:27 [INFO] Start: 2573203
16:17:27 [INFO] End: 2573370
16:17:27 [INFO] Total: 17
16:17:27 [INFO] Gene: s320
16:17:27 [INFO] Strand: +
16:17:27 [INFO] Start: 2583179
16:17:27 [INFO] End: 2590524
16:17:27 [INFO] Total: 1029
16:17:27 [INFO] Gene: s322
16:17:27 [INFO] Strand: +
16:17:27 [INFO] Start: 2593435
16:17:27 [INFO] End: 2595212
16:17:27 [INFO] Total: 269
16:17:27 [INFO] Gene: s324
16:17:27 [INFO] Strand: +
16:17:27 [INFO] Start: 2598175
16:17:27 [INFO] End: 2598319
16:17:27 [INFO] Total: 17
16:17:27 [INFO] Gene: s326
16:17:27 [INFO] Strand: +
16:17:27 [INFO] Start: 2599952
16:17:27 [INFO] End: 2600107
16:17:27 [INFO] Total: 14
16:17:27 [INFO] Gene: s328
16:17:27 [INFO] Strand: +
16:17:27 [INFO] Start: 2601217
16:17:27 [INFO] End: 2601237
16:17:27 [INFO] Total: 0
16:17:27 [INFO] Gene: s330
16:17:27 [INFO] Strand: +
16:17:27 [INFO] Start: 2601562
16:17:27 [INFO] End: 2601603
16:17:27 [INFO] Total: 0
16:17:27 [INFO] Gene: s332
16:17:27 [INFO] Strand: +
16:17:27 [INFO] Start: 2605982
16:17:27 [INFO] End: 2608003
16:17:27 [INFO] Total: 272
16:17:27 [INFO] Gene: s336
16:17:27 [INFO] Strand: +
16:17:27 [INFO] Start: 2624383
16:17:27 [INFO] End: 2625023
16:17:27 [INFO] Total: 88
16:17:27 [INFO] Gene: s340
16:17:27 [INFO] Strand: +
16:17:27 [INFO] Start: 2653337
16:17:27 [INFO] End: 2653351
16:17:27 [INFO] Total: 0
16:17:27 [INFO] Gene: s343
16:17:27 [INFO] Strand: +
16:17:27 [INFO] Start: 2653618
16:17:27 [INFO] End: 2653705
16:17:27 [INFO] Total: 11
16:17:27 [INFO] Gene: s345
16:17:27 [INFO] Strand: +
16:17:27 [INFO] Start: 2689068
16:17:27 [INFO] End: 2689108
16:17:27 [INFO] Total: 0
16:17:27 [INFO] Gene: s347
16:17:27 [INFO] Strand: +
16:17:27 [INFO] Start: 2693212
16:17:27 [INFO] End: 2705864
16:17:27 [INFO] Total: 1817
16:17:27 [INFO] Gene: s349
16:17:27 [INFO] Strand: +
16:17:27 [INFO] Start: 2725820
16:17:27 [INFO] End: 2725880
16:17:27 [INFO] Total: 4
16:17:27 [INFO] Gene: s351
16:17:27 [INFO] Strand: +
16:17:27 [INFO] Start: 2738407
16:17:27 [INFO] End: 2739134
16:17:27 [INFO] Total: 136
16:17:27 [INFO] Gene: s353
16:17:27 [INFO] Strand: +
16:17:27 [INFO] Start: 2742931
16:17:27 [INFO] End: 2743568
16:17:27 [INFO] Total: 98
16:17:27 [INFO] Gene: s355
16:17:27 [INFO] Strand: +
16:17:27 [INFO] Start: 2772297
16:17:27 [INFO] End: 2772347
16:17:27 [INFO] Total: 0
16:17:27 [INFO] Gene: s358
16:17:27 [INFO] Strand: +
16:17:27 [INFO] Start: 2812515
16:17:27 [INFO] End: 2817472
16:17:27 [INFO] Total: 683
16:17:27 [INFO] Gene: s361
16:17:27 [INFO] Strand: +
16:17:27 [INFO] Start: 2876705
16:17:27 [INFO] End: 2876706
16:17:27 [INFO] Total: 0
16:17:27 [INFO] Gene: s363
16:17:27 [INFO] Strand: +
16:17:27 [INFO] Start: 2896543
16:17:27 [INFO] End: 2896546
16:17:27 [INFO] Total: 0
16:17:27 [INFO] Gene: s365
16:17:27 [INFO] Strand: +
16:17:27 [INFO] Start: 2904752
16:17:27 [INFO] End: 2904876
16:17:27 [INFO] Total: 3
16:17:27 [INFO] Gene: s368
16:17:27 [INFO] Strand: +
16:17:27 [INFO] Start: 2952552
16:17:27 [INFO] End: 2952560
16:17:27 [INFO] Total: 0
16:17:27 [INFO] Gene: s371
16:17:27 [INFO] Strand: +
16:17:27 [INFO] Start: 2955246
16:17:27 [INFO] End: 2955416
16:17:27 [INFO] Total: 25
16:17:27 [INFO] Gene: s373
16:17:27 [INFO] Strand: +
16:17:27 [INFO] Start: 2958413
16:17:27 [INFO] End: 2958625
16:17:27 [INFO] Total: 11
16:17:27 [INFO] Gene: s375
16:17:27 [INFO] Strand: +
16:17:27 [INFO] Start: 2960245
16:17:27 [INFO] End: 2963063
16:17:27 [INFO] Total: 381
16:17:27 [INFO] Gene: s378
16:17:27 [INFO] Strand: +
16:17:27 [INFO] Start: 2964847
16:17:27 [INFO] End: 2967396
16:17:27 [INFO] Total: 391
16:17:27 [INFO] Gene: s383
16:17:27 [INFO] Strand: +
16:17:27 [INFO] Start: 2976709
16:17:27 [INFO] End: 2976979
16:17:27 [INFO] Total: 10
16:17:27 [INFO] Gene: s385
16:17:27 [INFO] Strand: +
16:17:27 [INFO] Start: 3000298
16:17:27 [INFO] End: 3009518
16:17:27 [INFO] Total: 1511
16:17:27 [INFO] Gene: s387
16:17:27 [INFO] Strand: +
16:17:27 [INFO] Start: 3027010
16:17:27 [INFO] End: 3027193
16:17:27 [INFO] Total: 15
16:17:27 [INFO] Gene: s390
16:17:27 [INFO] Strand: +
16:17:27 [INFO] Start: 3040086
16:17:27 [INFO] End: 3041681
16:17:27 [INFO] Total: 298
16:17:27 [INFO] Gene: s393
16:17:27 [INFO] Strand: +
16:17:27 [INFO] Start: 3050117
16:17:27 [INFO] End: 3050150
16:17:27 [INFO] Total: 0
16:17:27 [INFO] Gene: s395
16:17:27 [INFO] Strand: +
16:17:27 [INFO] Start: 3067442
16:17:27 [INFO] End: 3067496
16:17:27 [INFO] Total: 0
16:17:27 [INFO] Gene: s398
16:17:27 [INFO] Strand: +
16:17:27 [INFO] Start: 3116238
16:17:27 [INFO] End: 3117224
16:17:27 [INFO] Total: 107
16:17:27 [INFO] Gene: s400
16:17:27 [INFO] Strand: +
16:17:27 [INFO] Start: 3155576
16:17:27 [INFO] End: 3158347
16:17:27 [INFO] Total: 441
16:17:27 [INFO] Gene: s402
16:17:27 [INFO] Strand: +
16:17:27 [INFO] Start: 3163706
16:17:27 [INFO] End: 3163766
16:17:27 [INFO] Total: 0
16:17:27 [INFO] Gene: s405
16:17:27 [INFO] Strand: +
16:17:27 [INFO] Start: 3186199
16:17:27 [INFO] End: 3186303
16:17:27 [INFO] Total: 3
16:17:27 [INFO] Gene: s408
16:17:27 [INFO] Strand: +
16:17:27 [INFO] Start: 3241319
16:17:27 [INFO] End: 3241632
16:17:27 [INFO] Total: 21
16:17:27 [INFO] Gene: s410
16:17:27 [INFO] Strand: +
16:17:27 [INFO] Start: 3242296
16:17:27 [INFO] End: 3242642
16:17:27 [INFO] Total: 21
16:17:27 [INFO] Gene: s412
16:17:27 [INFO] Strand: +
16:17:27 [INFO] Start: 3243260
16:17:27 [INFO] End: 3243722
16:17:27 [INFO] Total: 45
16:17:27 [INFO] Gene: s414
16:17:27 [INFO] Strand: +
16:17:27 [INFO] Start: 3245434
16:17:27 [INFO] End: 3245816
16:17:27 [INFO] Total: 63
16:17:27 [INFO] Gene: s417
16:17:27 [INFO] Strand: +
16:17:27 [INFO] Start: 3252436
16:17:27 [INFO] End: 3252442
16:17:27 [INFO] Total: 0
16:17:27 [INFO] Gene: s419
16:17:27 [INFO] Strand: +
16:17:27 [INFO] Start: 3255960
16:17:27 [INFO] End: 3256086
16:17:27 [INFO] Total: 12
16:17:27 [INFO] Gene: s421
16:17:27 [INFO] Strand: +
16:17:27 [INFO] Start: 3258554
16:17:27 [INFO] End: 3258669
16:17:27 [INFO] Total: 0
16:17:27 [INFO] Gene: s423
16:17:27 [INFO] Strand: +
16:17:27 [INFO] Start: 3266504
16:17:27 [INFO] End: 3266597
16:17:27 [INFO] Total: 2
16:17:27 [INFO] Gene: s426
16:17:27 [INFO] Strand: +
16:17:27 [INFO] Start: 3303222
16:17:27 [INFO] End: 3303224
16:17:27 [INFO] Total: 0
16:17:27 [INFO] Gene: s428
16:17:27 [INFO] Strand: +
16:17:27 [INFO] Start: 3314093
16:17:27 [INFO] End: 3314724
16:17:27 [INFO] Total: 102
16:17:27 [INFO] Gene: s431
16:17:27 [INFO] Strand: +
16:17:27 [INFO] Start: 3345194
16:17:27 [INFO] End: 3350984
16:17:27 [INFO] Total: 885
16:17:27 [INFO] Gene: s433
16:17:27 [INFO] Strand: +
16:17:27 [INFO] Start: 3351884
16:17:27 [INFO] End: 3353296
16:17:27 [INFO] Total: 231
16:17:27 [INFO] Gene: s435
16:17:27 [INFO] Strand: +
16:17:27 [INFO] Start: 3366426
16:17:27 [INFO] End: 3366451
16:17:27 [INFO] Total: 0
16:17:27 [INFO] Gene: s437
16:17:27 [INFO] Strand: +
16:17:27 [INFO] Start: 3395160
16:17:27 [INFO] End: 3396425
16:17:27 [INFO] Total: 137
16:17:27 [INFO] Gene: s439
16:17:27 [INFO] Strand: +
16:17:27 [INFO] Start: 3404227
16:17:27 [INFO] End: 3404243
16:17:27 [INFO] Total: 0
16:17:27 [INFO] Gene: s441
16:17:27 [INFO] Strand: +
16:17:27 [INFO] Start: 3416836
16:17:27 [INFO] End: 3416896
16:17:27 [INFO] Total: 1
16:17:27 [INFO] Gene: s443
16:17:27 [INFO] Strand: +
16:17:27 [INFO] Start: 3426887
16:17:27 [INFO] End: 3427222
16:17:27 [INFO] Total: 48
16:17:27 [INFO] Gene: s447
16:17:27 [INFO] Strand: +
16:17:27 [INFO] Start: 3458021
16:17:27 [INFO] End: 3458736
16:17:27 [INFO] Total: 96
16:17:27 [INFO] Gene: s450
16:17:27 [INFO] Strand: +
16:17:27 [INFO] Start: 3481929
16:17:27 [INFO] End: 3483604
16:17:27 [INFO] Total: 196
16:17:27 [INFO] Gene: s452
16:17:27 [INFO] Strand: +
16:17:27 [INFO] Start: 3491801
16:17:27 [INFO] End: 3491833
16:17:27 [INFO] Total: 0
16:17:27 [INFO] Gene: s455
16:17:27 [INFO] Strand: +
16:17:27 [INFO] Start: 3547981
16:17:27 [INFO] End: 3549470
16:17:27 [INFO] Total: 215
16:17:27 [INFO] Gene: s457
16:17:27 [INFO] Strand: +
16:17:27 [INFO] Start: 3592629
16:17:27 [INFO] End: 3592921
16:17:27 [INFO] Total: 40
16:17:27 [INFO] Gene: s461
16:17:27 [INFO] Strand: +
16:17:27 [INFO] Start: 3598121
16:17:27 [INFO] End: 3627865
16:17:27 [INFO] Total: 4010
16:17:27 [INFO] Gene: s464
16:17:27 [INFO] Strand: +
16:17:27 [INFO] Start: 3683374
16:17:27 [INFO] End: 3683380
16:17:27 [INFO] Total: 0
16:17:27 [INFO] Gene: s466
16:17:27 [INFO] Strand: +
16:17:27 [INFO] Start: 3688892
16:17:27 [INFO] End: 3688962
16:17:27 [INFO] Total: 7
16:17:27 [INFO] Gene: s469
16:17:27 [INFO] Strand: +
16:17:27 [INFO] Start: 3731115
16:17:27 [INFO] End: 3733010
16:17:27 [INFO] Total: 283
16:17:27 [INFO] Gene: s471
16:17:27 [INFO] Strand: +
16:17:27 [INFO] Start: 3754098
16:17:27 [INFO] End: 3755482
16:17:27 [INFO] Total: 190
16:17:27 [INFO] Gene: s473
16:17:27 [INFO] Strand: +
16:17:27 [INFO] Start: 3757988
16:17:27 [INFO] End: 3758191
16:17:27 [INFO] Total: 17
16:17:27 [INFO] Gene: s475
16:17:27 [INFO] Strand: +
16:17:27 [INFO] Start: 3761727
16:17:27 [INFO] End: 3761817
16:17:27 [INFO] Total: 0
16:17:27 [INFO] Gene: s477
16:17:27 [INFO] Strand: +
16:17:27 [INFO] Start: 3783346
16:17:27 [INFO] End: 3783955
16:17:27 [INFO] Total: 93
16:17:27 [INFO] Gene: s479
16:17:27 [INFO] Strand: +
16:17:27 [INFO] Start: 3784725
16:17:27 [INFO] End: 3784876
16:17:27 [INFO] Total: 24
16:17:27 [INFO] Gene: s483
16:17:27 [INFO] Strand: +
16:17:27 [INFO] Start: 3835794
16:17:27 [INFO] End: 3835864
16:17:27 [INFO] Total: 2
16:17:27 [INFO] Gene: s485
16:17:27 [INFO] Strand: +
16:17:27 [INFO] Start: 3849875
16:17:27 [INFO] End: 3849932
16:17:27 [INFO] Total: 1
16:17:27 [INFO] Gene: s487
16:17:27 [INFO] Strand: +
16:17:27 [INFO] Start: 3853334
16:17:27 [INFO] End: 3853477
16:17:27 [INFO] Total: 1
16:17:27 [INFO] Gene: s489
16:17:27 [INFO] Strand: +
16:17:27 [INFO] Start: 3886647
16:17:27 [INFO] End: 3886706
16:17:27 [INFO] Total: 1
16:17:27 [INFO] Gene: s491
16:17:27 [INFO] Strand: +
16:17:27 [INFO] Start: 3892513
16:17:27 [INFO] End: 3893477
16:17:27 [INFO] Total: 128
16:17:27 [INFO] Gene: s493
16:17:27 [INFO] Strand: +
16:17:27 [INFO] Start: 3900904
16:17:27 [INFO] End: 3900988
16:17:27 [INFO] Total: 0
16:17:27 [INFO] Gene: s495
16:17:27 [INFO] Strand: +
16:17:27 [INFO] Start: 3901060
16:17:27 [INFO] End: 3901134
16:17:27 [INFO] Total: 4
16:17:27 [INFO] Gene: s497
16:17:27 [INFO] Strand: +
16:17:27 [INFO] Start: 3938939
16:17:27 [INFO] End: 3938952
16:17:27 [INFO] Total: 0
16:17:27 [INFO] Gene: s500
16:17:27 [INFO] Strand: +
16:17:27 [INFO] Start: 3942989
16:17:27 [INFO] End: 3943078
16:17:27 [INFO] Total: 3
16:17:27 [INFO] Gene: s503
16:17:27 [INFO] Strand: +
16:17:27 [INFO] Start: 3956469
16:17:27 [INFO] End: 3956573
16:17:27 [INFO] Total: 10
16:17:27 [INFO] Gene: s505
16:17:27 [INFO] Strand: +
16:17:27 [INFO] Start: 3977610
16:17:27 [INFO] End: 3977713
16:17:27 [INFO] Total: 2
16:17:27 [INFO] Gene: s507
16:17:27 [INFO] Strand: +
16:17:27 [INFO] Start: 3987444
16:17:27 [INFO] End: 3988102
16:17:27 [INFO] Total: 71
16:17:27 [INFO] Gene: s510
16:17:27 [INFO] Strand: +
16:17:27 [INFO] Start: 3994645
16:17:27 [INFO] End: 3994736
16:17:27 [INFO] Total: 7
16:17:27 [INFO] Gene: s513
16:17:27 [INFO] Strand: +
16:17:27 [INFO] Start: 4001017
16:17:27 [INFO] End: 4001278
16:17:27 [INFO] Total: 24
16:17:27 [INFO] Gene: s515
16:17:27 [INFO] Strand: +
16:17:27 [INFO] Start: 4025838
16:17:27 [INFO] End: 4026180
16:17:27 [INFO] Total: 48
16:17:27 [INFO] Gene: s517
16:17:27 [INFO] Strand: +
16:17:27 [INFO] Start: 4058473
16:17:27 [INFO] End: 4058601
16:17:27 [INFO] Total: 0
16:17:27 [INFO] Gene: s519
16:17:27 [INFO] Strand: +
16:17:27 [INFO] Start: 4071747
16:17:27 [INFO] End: 4071928
16:17:27 [INFO] Total: 20
16:17:27 [INFO] Gene: s521
16:17:27 [INFO] Strand: +
16:17:27 [INFO] Start: 4081414
16:17:27 [INFO] End: 4081640
16:17:27 [INFO] Total: 19
16:17:27 [INFO] Gene: s523
16:17:27 [INFO] Strand: +
16:17:27 [INFO] Start: 4093573
16:17:27 [INFO] End: 4093675
16:17:27 [INFO] Total: 4
16:17:27 [INFO] Gene: s525
16:17:27 [INFO] Strand: +
16:17:27 [INFO] Start: 4108621
16:17:27 [INFO] End: 4108791
16:17:27 [INFO] Total: 7
16:17:27 [INFO] Gene: s527
16:17:27 [INFO] Strand: +
16:17:27 [INFO] Start: 4141625
16:17:27 [INFO] End: 4141725
16:17:27 [INFO] Total: 8
16:17:27 [INFO] Gene: s530
16:17:27 [INFO] Strand: +
16:17:27 [INFO] Start: 4198708
16:17:27 [INFO] End: 4200109
16:17:27 [INFO] Total: 196
16:17:27 [INFO] Gene: s533
16:17:27 [INFO] Strand: +
16:17:27 [INFO] Start: 4208502
16:17:27 [INFO] End: 4208591
16:17:27 [INFO] Total: 6
16:17:27 [INFO] Gene: s535
16:17:27 [INFO] Strand: +
16:17:27 [INFO] Start: 4236808
16:17:27 [INFO] End: 4237006
16:17:27 [INFO] Total: 22
16:17:27 [INFO] Gene: s537
16:17:27 [INFO] Strand: +
16:17:27 [INFO] Start: 4301972
16:17:27 [INFO] End: 4302057
16:17:27 [INFO] Total: 5
16:17:27 [INFO] Gene: s539
16:17:27 [INFO] Strand: +
16:17:27 [INFO] Start: 4319757
16:17:27 [INFO] End: 4319790
16:17:27 [INFO] Total: 0
16:17:27 [INFO] Gene: s541
16:17:27 [INFO] Strand: +
16:17:27 [INFO] Start: 4328345
16:17:27 [INFO] End: 4328436
16:17:27 [INFO] Total: 10
16:17:27 [INFO] Gene: s543
16:17:27 [INFO] Strand: +
16:17:27 [INFO] Start: 4340249
16:17:27 [INFO] End: 4340347
16:17:27 [INFO] Total: 7
16:17:27 [INFO] Gene: s545
16:17:27 [INFO] Strand: +
16:17:27 [INFO] Start: 4347067
16:17:27 [INFO] End: 4347134
16:17:27 [INFO] Total: 2
16:17:27 [INFO] Gene: s547
16:17:27 [INFO] Strand: +
16:17:27 [INFO] Start: 4347184
16:17:27 [INFO] End: 4347205
16:17:27 [INFO] Total: 0
16:17:27 [INFO] Gene: s551
16:17:27 [INFO] Strand: +
16:17:27 [INFO] Start: 4356853
16:17:27 [INFO] End: 4356876
16:17:27 [INFO] Total: 0
16:17:27 [INFO] Gene: s555
16:17:27 [INFO] Strand: +
16:17:27 [INFO] Start: 4357090
16:17:27 [INFO] End: 4357176
16:17:27 [INFO] Total: 3
16:17:27 [INFO] Gene: s559
16:17:27 [INFO] Strand: +
16:17:27 [INFO] Start: 4357289
16:17:27 [INFO] End: 4357505
16:17:27 [INFO] Total: 11
16:17:27 [INFO] Gene: s561
16:17:27 [INFO] Strand: +
16:17:27 [INFO] Start: 4369585
16:17:27 [INFO] End: 4369599
16:17:27 [INFO] Total: 0
16:17:27 [INFO] Gene: s563
16:17:27 [INFO] Strand: +
16:17:27 [INFO] Start: 4381098
16:17:27 [INFO] End: 4381166
16:17:27 [INFO] Total: 0
16:17:27 [INFO] Gene: s565
16:17:27 [INFO] Strand: +
16:17:27 [INFO] Start: 4382995
16:17:27 [INFO] End: 4383050
16:17:27 [INFO] Total: 0
16:17:27 [INFO] Gene: s567
16:17:27 [INFO] Strand: +
16:17:27 [INFO] Start: 4391903
16:17:27 [INFO] End: 4394833
16:17:27 [INFO] Total: 472
16:17:27 [INFO] Gene: s569
16:17:27 [INFO] Strand: +
16:17:27 [INFO] Start: 4395970
16:17:27 [INFO] End: 4397824
16:17:27 [INFO] Total: 246
16:17:27 [INFO] Gene: s573
16:17:27 [INFO] Strand: +
16:17:27 [INFO] Start: 4422643
16:17:27 [INFO] End: 4460234
16:17:27 [INFO] Total: 5771
16:17:27 [INFO] Gene: s577
16:17:27 [INFO] Strand: +
16:17:27 [INFO] Start: 4471413
16:17:27 [INFO] End: 4472190
16:17:27 [INFO] Total: 90
16:17:27 [INFO] Gene: s580
16:17:27 [INFO] Strand: +
16:17:27 [INFO] Start: 4481594
16:17:27 [INFO] End: 4483427
16:17:27 [INFO] Total: 194
16:17:27 [INFO] Gene: s583
16:17:27 [INFO] Strand: +
16:17:27 [INFO] Start: 4507099
16:17:27 [INFO] End: 4507826
16:17:27 [INFO] Total: 106
16:17:27 [INFO] Gene: s585
16:17:27 [INFO] Strand: +
16:17:27 [INFO] Start: 4536816
16:17:27 [INFO] End: 4541732
16:17:27 [INFO] Total: 671
16:17:27 [INFO] Gene: s587
16:17:27 [INFO] Strand: +
16:17:27 [INFO] Start: 4566216
16:17:27 [INFO] End: 4571601
16:17:27 [INFO] Total: 836
16:17:27 [INFO] Gene: s589
16:17:27 [INFO] Strand: +
16:17:27 [INFO] Start: 4589081
16:17:27 [INFO] End: 4589140
16:17:27 [INFO] Total: 2
16:17:27 [INFO] Gene: s591
16:17:27 [INFO] Strand: +
16:17:27 [INFO] Start: 4672812
16:17:27 [INFO] End: 4672827
16:17:27 [INFO] Total: 0
16:17:27 [INFO] Gene: s593
16:17:27 [INFO] Strand: +
16:17:27 [INFO] Start: 4699083
16:17:27 [INFO] End: 4699089
16:17:27 [INFO] Total: 0
16:17:27 [INFO] Gene: s596
16:17:27 [INFO] Strand: +
16:17:27 [INFO] Start: 4747234
16:17:27 [INFO] End: 4747253
16:17:27 [INFO] Total: 0
16:17:27 [INFO] Gene: s598
16:17:27 [INFO] Strand: +
16:17:27 [INFO] Start: 4761294
16:17:27 [INFO] End: 4761344
16:17:27 [INFO] Total: 0
16:17:27 [INFO] Gene: s600
16:17:27 [INFO] Strand: +
16:17:27 [INFO] Start: 4774361
16:17:27 [INFO] End: 4774459
16:17:27 [INFO] Total: 4
16:17:27 [INFO] Gene: s603
16:17:27 [INFO] Strand: +
16:17:27 [INFO] Start: 4821307
16:17:27 [INFO] End: 4822810
16:17:27 [INFO] Total: 155
16:17:27 [INFO] Gene: s605
16:17:27 [INFO] Strand: +
16:17:27 [INFO] Start: 4848179
16:17:27 [INFO] End: 4848865
16:17:27 [INFO] Total: 80
16:17:27 [INFO] Gene: s607
16:17:27 [INFO] Strand: +
16:17:27 [INFO] Start: 4863686
16:17:27 [INFO] End: 4864466
16:17:27 [INFO] Total: 70
16:17:27 [INFO] Gene: s609
16:17:27 [INFO] Strand: +
16:17:27 [INFO] Start: 4864701
16:17:27 [INFO] End: 4864823
16:17:27 [INFO] Total: 10
16:17:27 [INFO] Gene: s611
16:17:27 [INFO] Strand: +
16:17:27 [INFO] Start: 4900228
16:17:27 [INFO] End: 4900906
16:17:27 [INFO] Total: 90
16:17:27 [INFO] Gene: s613
16:17:27 [INFO] Strand: +
16:17:27 [INFO] Start: 4909833
16:17:27 [INFO] End: 4912554
16:17:27 [INFO] Total: 420
16:17:27 [INFO] Gene: s615
16:17:27 [INFO] Strand: +
16:17:27 [INFO] Start: 4913453
16:17:27 [INFO] End: 4913619
16:17:27 [INFO] Total: 15
16:17:27 [INFO] Gene: s617
16:17:27 [INFO] Strand: +
16:17:27 [INFO] Start: 5004298
16:17:27 [INFO] End: 5004317
16:17:27 [INFO] Total: 0
